{
  "RSpec": {
    "coverage": {
      "/home/runner/work/mangrove/mangrove/lib/mangrove.rb": {
        "lines": [
          null,
          null,
          null,
          1,
          null,
          1,
          1,
          1,
          1,
          1,
          1,
          null,
          null,
          1
        ],
        "branches": {}
      },
      "/home/runner/work/mangrove/mangrove/lib/mangrove/option.rb": {
        "lines": [
          null,
          null,
          null,
          1,
          1,
          null,
          1,
          null,
          1,
          1,
          1,
          1,
          null,
          1,
          null,
          1,
          1,
          null,
          1,
          null,
          1,
          1,
          null,
          2,
          1,
          2,
          null,
          1,
          null,
          1,
          null,
          null,
          null,
          null,
          null,
          1,
          1,
          1,
          1,
          null,
          1,
          null,
          1,
          null,
          2,
          1,
          28,
          null,
          null,
          2,
          1,
          7,
          null,
          7,
          null,
          0,
          null,
          null,
          0,
          null,
          null,
          null,
          1,
          1,
          0,
          null,
          null,
          2,
          1,
          1,
          null,
          null,
          2,
          1,
          2,
          null,
          null,
          2,
          1,
          2,
          null,
          null,
          2,
          1,
          2,
          null,
          null,
          2,
          1,
          null,
          2,
          1,
          null,
          2,
          1,
          2,
          null,
          null,
          2,
          1,
          2,
          null,
          null,
          2,
          1,
          1,
          null,
          null,
          1,
          null,
          1,
          1,
          null,
          null,
          null,
          1,
          1,
          1,
          1,
          null,
          1,
          null,
          1,
          null,
          2,
          1,
          3,
          null,
          0,
          null,
          3,
          null,
          null,
          0,
          null,
          null,
          null,
          2,
          1,
          1,
          null,
          null,
          2,
          1,
          1,
          null,
          null,
          2,
          1,
          1,
          null,
          null,
          2,
          1,
          1,
          null,
          null,
          2,
          1,
          null,
          2,
          1,
          null,
          2,
          1,
          2,
          null,
          null,
          2,
          1,
          2,
          null,
          null,
          2,
          1,
          1,
          null,
          null,
          null,
          2,
          1,
          null,
          2,
          1,
          null,
          2,
          1,
          null,
          2,
          1,
          null,
          2,
          1,
          null,
          2,
          1,
          null,
          2,
          1,
          null,
          2,
          1,
          null,
          2,
          1,
          null,
          2,
          1,
          null,
          null
        ],
        "branches": {
          "[:case, 0, 26, 8, 31, 11]": {
            "[:when, 1, 28, 10, 28, 36]": 1,
            "[:else, 2, 30, 10, 30, 45]": 1
          },
          "[:case, 3, 52, 8, 60, 11]": {
            "[:when, 4, 54, 10, 54, 56]": 7,
            "[:when, 5, 56, 10, 56, 15]": 0,
            "[:else, 6, 59, 10, 59, 15]": 0
          },
          "[:case, 7, 127, 8, 135, 11]": {
            "[:when, 8, 129, 10, 129, 15]": 0,
            "[:when, 9, 131, 10, 131, 14]": 3,
            "[:else, 10, 134, 10, 134, 15]": 0
          }
        }
      },
      "/home/runner/work/mangrove/mangrove/lib/mangrove/option/control_signal.rb": {
        "lines": [
          null,
          null,
          null,
          1,
          null,
          1,
          1,
          1,
          1,
          null,
          1,
          null,
          2,
          1,
          5,
          5,
          null,
          null,
          2,
          1,
          2,
          null,
          2,
          null,
          0,
          null,
          null,
          null,
          2,
          1,
          null,
          null,
          null
        ],
        "branches": {
          "[:case, 0, 21, 8, 26, 11]": {
            "[:when, 1, 23, 10, 23, 42]": 2,
            "[:else, 2, 25, 10, 25, 15]": 0
          }
        }
      },
      "/home/runner/work/mangrove/mangrove/lib/mangrove/control_flow/control_signal.rb": {
        "lines": [
          null,
          null,
          null,
          1,
          1,
          1,
          1,
          1,
          null,
          1,
          null,
          2,
          1,
          null,
          null,
          null
        ],
        "branches": {}
      },
      "/home/runner/work/mangrove/mangrove/lib/mangrove/result.rb": {
        "lines": [
          null,
          null,
          null,
          1,
          1,
          1,
          null,
          1,
          null,
          1,
          1,
          1,
          1,
          null,
          1,
          null,
          1,
          1,
          null,
          1,
          1,
          null,
          2,
          1,
          null,
          null,
          null,
          2,
          1,
          null,
          null,
          2,
          1,
          null,
          2,
          1,
          null,
          2,
          1,
          null,
          2,
          1,
          null,
          2,
          1,
          null,
          2,
          1,
          null,
          2,
          1,
          null,
          2,
          1,
          null,
          2,
          1,
          null,
          2,
          1,
          null,
          2,
          1,
          null,
          2,
          1,
          null,
          2,
          1,
          null,
          2,
          1,
          null,
          2,
          1,
          null,
          2,
          1,
          null,
          2,
          1,
          null,
          2,
          1,
          null,
          2,
          1,
          null,
          1,
          1,
          null,
          null,
          null,
          null,
          null,
          null,
          null,
          null,
          null,
          1,
          null,
          2,
          1,
          null,
          2,
          1,
          null,
          2,
          1,
          null,
          1,
          1,
          null,
          null,
          null,
          null,
          null,
          null,
          null,
          null,
          null,
          1,
          null,
          1,
          1,
          1,
          null,
          1,
          1,
          null,
          2,
          1,
          4,
          null,
          4,
          null,
          8,
          null,
          null,
          6,
          null,
          null,
          null,
          2,
          1,
          4,
          null,
          null,
          null,
          2,
          1,
          13,
          null,
          null,
          2,
          1,
          1,
          null,
          null,
          null,
          2,
          1,
          10,
          null,
          null,
          1,
          1,
          null,
          null,
          null,
          null,
          null,
          null,
          null,
          null,
          null,
          1,
          5,
          5,
          null,
          null,
          null,
          null,
          1,
          1,
          1,
          null,
          1,
          1,
          null,
          2,
          1,
          10,
          null,
          7,
          null,
          3,
          null,
          0,
          null,
          null,
          null,
          null,
          1,
          1,
          1,
          1,
          null,
          1,
          null,
          1,
          1,
          null,
          2,
          1,
          161,
          null,
          null,
          2,
          1,
          50,
          null,
          50,
          null,
          0,
          null,
          null,
          0,
          null,
          null,
          null,
          2,
          1,
          20,
          null,
          null,
          2,
          1,
          6,
          null,
          null,
          2,
          1,
          2,
          null,
          null,
          2,
          1,
          2,
          null,
          null,
          2,
          1,
          2,
          null,
          null,
          2,
          1,
          5,
          null,
          null,
          2,
          1,
          2,
          null,
          null,
          2,
          1,
          2,
          null,
          null,
          null,
          2,
          1,
          null,
          null,
          2,
          1,
          null,
          2,
          1,
          2,
          null,
          null,
          2,
          1,
          2,
          null,
          null,
          2,
          1,
          4,
          null,
          null,
          null,
          2,
          1,
          2,
          null,
          null,
          2,
          1,
          2,
          null,
          null,
          null,
          2,
          1,
          7,
          null,
          null,
          2,
          1,
          2,
          2,
          null,
          null,
          2,
          1,
          2,
          null,
          null,
          2,
          1,
          2,
          null,
          null,
          2,
          1,
          2,
          null,
          null,
          null,
          2,
          1,
          8,
          null,
          null,
          1,
          1,
          null,
          null,
          null,
          null,
          null,
          null,
          null,
          null,
          null,
          1,
          4,
          2,
          null,
          2,
          null,
          null,
          null,
          2,
          1,
          2,
          null,
          null,
          2,
          1,
          2,
          null,
          null,
          null,
          2,
          1,
          2,
          null,
          null,
          1,
          1,
          null,
          null,
          null,
          null,
          null,
          null,
          null,
          null,
          null,
          1,
          4,
          null,
          null,
          2,
          1,
          1,
          null,
          null,
          null,
          1,
          1,
          1,
          1,
          null,
          1,
          null,
          1,
          1,
          null,
          2,
          1,
          130,
          null,
          null,
          2,
          1,
          50,
          null,
          0,
          null,
          49,
          null,
          null,
          1,
          null,
          null,
          null,
          2,
          1,
          10,
          null,
          null,
          2,
          1,
          2,
          null,
          null,
          2,
          1,
          1,
          null,
          null,
          2,
          1,
          1,
          null,
          null,
          2,
          1,
          1,
          null,
          null,
          2,
          1,
          2,
          null,
          null,
          2,
          1,
          1,
          null,
          null,
          2,
          1,
          1,
          null,
          null,
          null,
          2,
          1,
          null,
          null,
          2,
          1,
          null,
          2,
          1,
          2,
          null,
          null,
          2,
          1,
          2,
          null,
          null,
          2,
          1,
          4,
          null,
          null,
          2,
          1,
          2,
          null,
          null,
          2,
          1,
          2,
          null,
          null,
          2,
          1,
          4,
          null,
          null,
          2,
          1,
          2,
          null,
          null,
          2,
          1,
          2,
          2,
          null,
          null,
          2,
          1,
          1,
          null,
          null,
          2,
          1,
          2,
          null,
          null,
          null,
          2,
          1,
          3,
          null,
          null,
          1,
          1,
          null,
          null,
          null,
          null,
          null,
          null,
          null,
          null,
          null,
          1,
          4,
          null,
          null,
          2,
          1,
          2,
          null,
          null,
          2,
          1,
          2,
          null,
          null,
          2,
          1,
          2,
          null,
          null,
          1,
          1,
          null,
          null,
          null,
          null,
          null,
          null,
          null,
          null,
          null,
          1,
          4,
          2,
          null,
          2,
          null,
          null,
          null,
          2,
          1,
          1,
          null,
          null,
          null,
          null
        ],
        "branches": {
          "[:if, 0, 135, 8, 141, 11]": {
            "[:then, 1, 137, 10, 137, 135]": 2,
            "[:else, 2, 140, 10, 140, 135]": 2
          },
          "[:case, 3, 193, 8, 200, 11]": {
            "[:when, 4, 195, 10, 195, 25]": 7,
            "[:when, 5, 197, 10, 197, 68]": 3,
            "[:else, 6, 199, 10, 199, 26]": 0
          },
          "[:case, 7, 221, 8, 229, 11]": {
            "[:when, 8, 223, 10, 223, 56]": 50,
            "[:when, 9, 225, 10, 225, 15]": 0,
            "[:else, 10, 228, 10, 228, 15]": 0
          },
          "[:if, 11, 351, 8, 355, 11]": {
            "[:then, 12, 352, 10, 352, 71]": 2,
            "[:else, 13, 354, 10, 354, 14]": 2
          },
          "[:case, 14, 412, 8, 420, 11]": {
            "[:when, 15, 414, 10, 414, 15]": 0,
            "[:when, 16, 416, 10, 416, 56]": 49,
            "[:else, 17, 419, 10, 419, 15]": 1
          },
          "[:if, 18, 570, 8, 574, 11]": {
            "[:then, 19, 571, 10, 571, 68]": 2,
            "[:else, 20, 573, 10, 573, 14]": 2
          }
        }
      },
      "/home/runner/work/mangrove/mangrove/lib/mangrove/result/control_signal.rb": {
        "lines": [
          null,
          null,
          null,
          1,
          null,
          1,
          1,
          1,
          1,
          null,
          1,
          null,
          2,
          1,
          6,
          6,
          null,
          null,
          2,
          1,
          2,
          null,
          2,
          null,
          0,
          null,
          null,
          null,
          2,
          1,
          null,
          null,
          null
        ],
        "branches": {
          "[:case, 0, 21, 8, 26, 11]": {
            "[:when, 1, 23, 10, 23, 42]": 2,
            "[:else, 2, 25, 10, 25, 15]": 0
          }
        }
      },
      "/home/runner/work/mangrove/mangrove/lib/mangrove/result/ext.rb": {
        "lines": [
          null,
          null,
          null,
          1,
          1,
          1,
          1,
          null,
          1,
          5,
          null,
          null,
          1,
          5,
          null,
          null,
          null,
          null
        ],
        "branches": {}
      },
      "/home/runner/work/mangrove/mangrove/lib/mangrove/result/collector.rb": {
        "lines": [
          null,
          null,
          null,
          1,
          1,
          1,
          1,
          1,
          1,
          null,
          1,
          1,
          null,
          2,
          1,
          1,
          1,
          null,
          null,
          null,
          null,
          null
        ],
        "branches": {}
      },
      "/home/runner/work/mangrove/mangrove/lib/mangrove/try_from_ext.rb": {
        "lines": [
          null,
          null,
          null,
          1,
          1,
          1,
          1,
          null,
          1,
          null,
          1,
          1,
          null,
          null,
          null,
          null,
          null,
          null,
          null,
          null,
          1,
          9,
          null,
          9,
          9,
          9,
          null,
          9,
          9,
          null,
          9,
          null,
          9,
          11,
          null,
          5,
          null,
          null,
          null,
          null,
          null
        ],
        "branches": {
          "[:\"&.\", 0, 34, 65, 34, 122]": {
            "[:then, 1, 34, 65, 34, 122]": 5,
            "[:else, 2, 34, 65, 34, 122]": 1
          }
        }
      },
      "/home/runner/work/mangrove/mangrove/lib/mangrove/enum.rb": {
        "lines": [
          null,
          null,
          null,
          null,
          null,
          null,
          null,
          null,
          null,
          null,
          null,
          null,
          null,
          null,
          null,
          null,
          null,
          null,
          null,
          null,
          null,
          null,
          null,
          null,
          null,
          null,
          null,
          null,
          null,
          null,
          null,
          null,
          null,
          null,
          null,
          null,
          null,
          null,
          null,
          null,
          null,
          null,
          null,
          null,
          null,
          null,
          null,
          null,
          null,
          null,
          null,
          null,
          null,
          null,
          null,
          null,
          null,
          null,
          null,
          null,
          null,
          null,
          null,
          null,
          null,
          null,
          null,
          null,
          null,
          null,
          null,
          null,
          null,
          null,
          null,
          null,
          null,
          null,
          null,
          null,
          null,
          null,
          null,
          null,
          null,
          null,
          null,
          null,
          null,
          null,
          null,
          null,
          null,
          null,
          null,
          null,
          null,
          1,
          1,
          null,
          1,
          null,
          null,
          null,
          null,
          null,
          null,
          null,
          null,
          null,
          null,
          1,
          null,
          null,
          null,
          null,
          null,
          null,
          null,
          null,
          null,
          null,
          null,
          null,
          null,
          null,
          null,
          null,
          null,
          null,
          null,
          null,
          null,
          null,
          null,
          null,
          null,
          null,
          null,
          null,
          null,
          null,
          null,
          null,
          null,
          null,
          null,
          null,
          1,
          2,
          1
        ],
        "branches": {
          "[:if, 0, 182, 12, 184, 15]": {
            "[:then, 1, 183, 14, 183, 30]": 0,
            "[:else, 2, 182, 12, 184, 15]": 0
          },
          "[:if, 3, 179, 10, 185, 13]": {
            "[:then, 4, 180, 12, 184, 15]": 0,
            "[:else, 5, 179, 10, 185, 13]": 0
          },
          "[:if, 6, 175, 6, 187, 9]": {
            "[:then, 7, 176, 8, 176, 14]": 1,
            "[:else, 8, 178, 8, 186, 11]": 0
          },
          "[:if, 9, 182, 12, 184, 15]": {
            "[:then, 10, 183, 14, 183, 30]": 0,
            "[:else, 11, 182, 12, 184, 15]": 0
          },
          "[:if, 12, 179, 10, 185, 13]": {
            "[:then, 13, 180, 12, 184, 15]": 0,
            "[:else, 14, 179, 10, 185, 13]": 0
          },
          "[:if, 15, 175, 6, 187, 9]": {
            "[:then, 16, 176, 8, 176, 14]": 1,
            "[:else, 17, 178, 8, 186, 11]": 0
          },
          "[:if, 18, 182, 12, 184, 15]": {
            "[:then, 19, 183, 14, 183, 30]": 0,
            "[:else, 20, 182, 12, 184, 15]": 0
          },
          "[:if, 21, 179, 10, 185, 13]": {
            "[:then, 22, 180, 12, 184, 15]": 0,
            "[:else, 23, 179, 10, 185, 13]": 0
          },
          "[:if, 24, 175, 6, 187, 9]": {
            "[:then, 25, 176, 8, 176, 14]": 0,
            "[:else, 26, 178, 8, 186, 11]": 0
          },
          "[:if, 27, 182, 12, 184, 15]": {
            "[:then, 28, 183, 14, 183, 30]": 0,
            "[:else, 29, 182, 12, 184, 15]": 0
          },
          "[:if, 30, 179, 10, 185, 13]": {
            "[:then, 31, 180, 12, 184, 15]": 0,
            "[:else, 32, 179, 10, 185, 13]": 0
          },
          "[:if, 33, 175, 6, 187, 9]": {
            "[:then, 34, 176, 8, 176, 14]": 0,
            "[:else, 35, 178, 8, 186, 11]": 0
          },
          "[:if, 36, 182, 12, 184, 15]": {
            "[:then, 37, 183, 14, 183, 30]": 0,
            "[:else, 38, 182, 12, 184, 15]": 0
          },
          "[:if, 39, 179, 10, 185, 13]": {
            "[:then, 40, 180, 12, 184, 15]": 0,
            "[:else, 41, 179, 10, 185, 13]": 0
          },
          "[:if, 42, 175, 6, 187, 9]": {
            "[:then, 43, 176, 8, 176, 14]": 0,
            "[:else, 44, 178, 8, 186, 11]": 0
          },
          "[:if, 45, 182, 12, 184, 15]": {
            "[:then, 46, 183, 14, 183, 30]": 0,
            "[:else, 47, 182, 12, 184, 15]": 0
          },
          "[:if, 48, 179, 10, 185, 13]": {
            "[:then, 49, 180, 12, 184, 15]": 0,
            "[:else, 50, 179, 10, 185, 13]": 0
          },
          "[:if, 51, 175, 6, 187, 9]": {
            "[:then, 52, 176, 8, 176, 14]": 0,
            "[:else, 53, 178, 8, 186, 11]": 0
          },
          "[:if, 54, 182, 12, 184, 15]": {
            "[:then, 55, 183, 14, 183, 30]": 1,
            "[:else, 56, 182, 12, 184, 15]": 0
          },
          "[:if, 57, 179, 10, 185, 13]": {
            "[:then, 58, 180, 12, 184, 15]": 1,
            "[:else, 59, 179, 10, 185, 13]": 0
          },
          "[:if, 60, 175, 6, 187, 9]": {
            "[:then, 61, 176, 8, 176, 14]": 0,
            "[:else, 62, 178, 8, 186, 11]": 1
          },
          "[:if, 63, 182, 12, 184, 15]": {
            "[:then, 64, 183, 14, 183, 30]": 0,
            "[:else, 65, 182, 12, 184, 15]": 0
          },
          "[:if, 66, 179, 10, 185, 13]": {
            "[:then, 67, 180, 12, 184, 15]": 0,
            "[:else, 68, 179, 10, 185, 13]": 0
          },
          "[:if, 69, 175, 6, 187, 9]": {
            "[:then, 70, 176, 8, 176, 14]": 0,
            "[:else, 71, 178, 8, 186, 11]": 0
          },
          "[:if, 72, 182, 12, 184, 15]": {
            "[:then, 73, 183, 14, 183, 30]": 0,
            "[:else, 74, 182, 12, 184, 15]": 0
          },
          "[:if, 75, 179, 10, 185, 13]": {
            "[:then, 76, 180, 12, 184, 15]": 0,
            "[:else, 77, 179, 10, 185, 13]": 0
          },
          "[:if, 78, 175, 6, 187, 9]": {
            "[:then, 79, 176, 8, 176, 14]": 0,
            "[:else, 80, 178, 8, 186, 11]": 0
          },
          "[:if, 81, 182, 12, 184, 15]": {
            "[:then, 82, 183, 14, 183, 30]": 0,
            "[:else, 83, 182, 12, 184, 15]": 0
          },
          "[:if, 84, 179, 10, 185, 13]": {
            "[:then, 85, 180, 12, 184, 15]": 0,
            "[:else, 86, 179, 10, 185, 13]": 0
          },
          "[:if, 87, 175, 6, 187, 9]": {
            "[:then, 88, 176, 8, 176, 14]": 0,
            "[:else, 89, 178, 8, 186, 11]": 0
          },
          "[:if, 90, 182, 12, 184, 15]": {
            "[:then, 91, 183, 14, 183, 30]": 0,
            "[:else, 92, 182, 12, 184, 15]": 0
          },
          "[:if, 93, 179, 10, 185, 13]": {
            "[:then, 94, 180, 12, 184, 15]": 0,
            "[:else, 95, 179, 10, 185, 13]": 0
          },
          "[:if, 96, 175, 6, 187, 9]": {
            "[:then, 97, 176, 8, 176, 14]": 0,
            "[:else, 98, 178, 8, 186, 11]": 0
          },
          "[:if, 99, 182, 12, 184, 15]": {
            "[:then, 100, 183, 14, 183, 30]": 0,
            "[:else, 101, 182, 12, 184, 15]": 0
          },
          "[:if, 102, 179, 10, 185, 13]": {
            "[:then, 103, 180, 12, 184, 15]": 0,
            "[:else, 104, 179, 10, 185, 13]": 0
          },
          "[:if, 105, 175, 6, 187, 9]": {
            "[:then, 106, 176, 8, 176, 14]": 0,
            "[:else, 107, 178, 8, 186, 11]": 0
          }
        }
      },
      "/home/runner/work/mangrove/mangrove/lib/tapioca/dsl/compilers/mangrove_enum.rb": {
        "lines": [
          null,
          null,
          null,
          1,
          1,
          null,
          null,
          1,
          1,
          1,
          1,
          null,
          1,
          null,
          2,
          1,
          2784,
          null,
          null,
          2,
          1,
          1,
          1,
          null,
          null,
          null,
          null,
          1,
          null,
          null,
          1,
          null,
          1,
          1,
          null,
          null,
          1,
          null,
          1,
          1,
          1,
          1,
          1,
          1,
          1,
          1,
          null,
          null,
          1,
          null,
          null,
          1,
          1,
          null,
          0,
          null,
          null,
          1,
          1,
          1,
          1,
          1,
          null,
          null,
          null,
          1,
          null,
          2,
          1,
          1,
          0,
          0,
          null,
          null,
          0,
          1,
          0,
          0,
          0,
          null,
          null,
          0,
          null,
          null,
          0,
          null,
          1,
          null,
          null,
          null,
          null,
          null
        ],
        "branches": {
          "[:if, 0, 33, 14, 35, 17]": {
            "[:then, 1, 34, 16, 34, 29]": 1,
            "[:else, 2, 33, 14, 35, 17]": 0
          },
          "[:if, 3, 52, 24, 56, 27]": {
            "[:then, 4, 53, 26, 53, 51]": 1,
            "[:else, 5, 55, 26, 55, 60]": 0
          },
          "[:unless, 6, 78, 12, 80, 15]": {
            "[:else, 7, 78, 12, 80, 15]": 0,
            "[:then, 8, 79, 14, 79, 56]": 0
          },
          "[:if, 9, 76, 8, 87, 27]": {
            "[:then, 10, 77, 10, 85, 26]": 0,
            "[:else, 11, 87, 10, 87, 27]": 1
          },
          "[:if, 12, 70, 8, 88, 11]": {
            "[:then, 13, 71, 10, 75, 24]": 0,
            "[:else, 14, 76, 8, 87, 27]": 1
          }
        }
      },
      "/home/runner/work/mangrove/mangrove/lib/tapioca/dsl/compilers/mangrove_result_ext.rb": {
        "lines": [
          null,
          null,
          null,
          1,
          1,
          1,
          null,
          1,
          1,
          1,
          1,
          null,
          1,
          null,
          2,
          1,
          4779,
          null,
          null,
          2,
          1,
          2,
          null,
          2,
          2,
          2,
          null,
          null,
          null,
          null,
          null,
          1,
          null,
          2,
          1,
          2,
          null,
          null,
          null,
          null
        ],
        "branches": {
          "[:unless, 0, 22, 8, 22, 57]": {
            "[:else, 1, 22, 8, 22, 57]": 2,
            "[:then, 2, 22, 8, 22, 14]": 0
          }
        }
      },
      "/home/runner/work/mangrove/mangrove/lib/tapioca/dsl/compilers/mangrove_try_from_ext.rb": {
        "lines": [
          null,
          null,
          null,
          1,
          1,
          1,
          null,
          1,
          1,
          1,
          1,
          null,
          1,
          null,
          2,
          1,
          8806,
          null,
          null,
          2,
          1,
          1,
          null,
          0,
          0,
          0,
          0,
          null,
          null,
          null,
          null,
          null,
          null
        ],
        "branches": {
          "[:if, 0, 22, 8, 22, 134]": {
            "[:then, 1, 22, 8, 22, 14]": 1,
            "[:else, 2, 22, 8, 22, 134]": 0
          },
          "[:\"&.\", 3, 24, 8, 24, 64]": {
            "[:then, 4, 24, 8, 24, 64]": 0,
            "[:else, 5, 24, 8, 24, 64]": 0
          }
        }
      }
    },
    "timestamp": 1767778259
  }
}
