{
  "RSpec": {
    "coverage": {
      "/home/runner/work/mangrove/mangrove/lib/mangrove.rb": {
        "lines": [
          null,
          null,
          null,
          1,
          null,
          1,
          1,
          1,
          1,
          null,
          null,
          1
        ],
        "branches": {
        }
      },
      "/home/runner/work/mangrove/mangrove/lib/mangrove/option.rb": {
        "lines": [
          null,
          null,
          null,
          1,
          1,
          null,
          1,
          null,
          1,
          1,
          1,
          1,
          null,
          1,
          null,
          1,
          1,
          null,
          1,
          null,
          1,
          1,
          null,
          2,
          1,
          2,
          null,
          1,
          null,
          1,
          null,
          null,
          null,
          null,
          null,
          1,
          1,
          1,
          1,
          null,
          1,
          null,
          1,
          null,
          2,
          1,
          28,
          null,
          null,
          2,
          1,
          7,
          null,
          7,
          null,
          0,
          null,
          null,
          0,
          null,
          null,
          null,
          1,
          1,
          0,
          null,
          null,
          2,
          1,
          1,
          null,
          null,
          2,
          1,
          2,
          null,
          null,
          2,
          1,
          2,
          null,
          null,
          2,
          1,
          2,
          null,
          null,
          2,
          1,
          null,
          2,
          1,
          null,
          2,
          1,
          2,
          null,
          null,
          2,
          1,
          2,
          null,
          null,
          2,
          1,
          1,
          null,
          null,
          1,
          null,
          1,
          1,
          null,
          null,
          null,
          1,
          1,
          1,
          1,
          null,
          1,
          null,
          1,
          null,
          2,
          1,
          3,
          null,
          0,
          null,
          3,
          null,
          null,
          0,
          null,
          null,
          null,
          2,
          1,
          1,
          null,
          null,
          2,
          1,
          1,
          null,
          null,
          2,
          1,
          1,
          null,
          null,
          2,
          1,
          1,
          null,
          null,
          2,
          1,
          null,
          2,
          1,
          null,
          2,
          1,
          2,
          null,
          null,
          2,
          1,
          2,
          null,
          null,
          2,
          1,
          1,
          null,
          null,
          null,
          2,
          1,
          null,
          2,
          1,
          null,
          2,
          1,
          null,
          2,
          1,
          null,
          2,
          1,
          null,
          2,
          1,
          null,
          2,
          1,
          null,
          2,
          1,
          null,
          2,
          1,
          null,
          2,
          1,
          null,
          null
        ],
        "branches": {
          "[:case, 0, 26, 8, 31, 11]": {
            "[:when, 1, 28, 10, 28, 36]": 1,
            "[:else, 2, 30, 10, 30, 45]": 1
          },
          "[:case, 3, 52, 8, 60, 11]": {
            "[:when, 4, 54, 10, 54, 56]": 7,
            "[:when, 5, 56, 10, 56, 15]": 0,
            "[:else, 6, 59, 10, 59, 15]": 0
          },
          "[:case, 7, 127, 8, 135, 11]": {
            "[:when, 8, 129, 10, 129, 15]": 0,
            "[:when, 9, 131, 10, 131, 14]": 3,
            "[:else, 10, 134, 10, 134, 15]": 0
          }
        }
      },
      "/home/runner/work/mangrove/mangrove/lib/mangrove/option/control_signal.rb": {
        "lines": [
          null,
          null,
          null,
          1,
          null,
          1,
          1,
          1,
          1,
          null,
          1,
          null,
          2,
          1,
          5,
          5,
          null,
          null,
          2,
          1,
          2,
          null,
          2,
          null,
          0,
          null,
          null,
          null,
          2,
          1,
          null,
          null,
          null
        ],
        "branches": {
          "[:case, 0, 21, 8, 26, 11]": {
            "[:when, 1, 23, 10, 23, 42]": 2,
            "[:else, 2, 25, 10, 25, 15]": 0
          }
        }
      },
      "/home/runner/work/mangrove/mangrove/lib/mangrove/control_flow/control_signal.rb": {
        "lines": [
          null,
          null,
          null,
          1,
          1,
          1,
          1,
          1,
          null,
          1,
          null,
          2,
          1,
          null,
          null,
          null
        ],
        "branches": {
        }
      },
      "/home/runner/work/mangrove/mangrove/lib/mangrove/result.rb": {
        "lines": [
          null,
          null,
          null,
          1,
          null,
          1,
          null,
          1,
          1,
          1,
          1,
          null,
          1,
          null,
          1,
          1,
          null,
          1,
          1,
          null,
          2,
          1,
          null,
          2,
          1,
          null,
          2,
          1,
          null,
          2,
          1,
          null,
          2,
          1,
          null,
          2,
          1,
          null,
          2,
          1,
          null,
          2,
          1,
          null,
          2,
          1,
          null,
          2,
          1,
          null,
          2,
          1,
          null,
          2,
          1,
          null,
          2,
          1,
          null,
          2,
          1,
          null,
          2,
          1,
          null,
          2,
          1,
          null,
          2,
          1,
          null,
          1,
          1,
          null,
          null,
          null,
          null,
          null,
          null,
          null,
          null,
          1,
          null,
          2,
          1,
          null,
          2,
          1,
          null,
          2,
          1,
          null,
          1,
          1,
          null,
          null,
          null,
          null,
          null,
          null,
          null,
          null,
          1,
          null,
          1,
          1,
          1,
          null,
          1,
          1,
          null,
          2,
          1,
          4,
          null,
          4,
          null,
          8,
          null,
          null,
          6,
          null,
          null,
          null,
          2,
          1,
          1,
          null,
          null,
          2,
          1,
          12,
          null,
          null,
          2,
          1,
          1,
          null,
          null,
          2,
          1,
          9,
          null,
          null,
          null,
          1,
          1,
          1,
          1,
          null,
          1,
          null,
          1,
          1,
          null,
          2,
          1,
          122,
          null,
          null,
          2,
          1,
          39,
          null,
          39,
          null,
          0,
          null,
          null,
          0,
          null,
          null,
          null,
          2,
          1,
          9,
          null,
          null,
          2,
          1,
          6,
          null,
          null,
          2,
          1,
          2,
          null,
          null,
          2,
          1,
          2,
          null,
          null,
          2,
          1,
          2,
          null,
          null,
          2,
          1,
          2,
          null,
          null,
          2,
          1,
          null,
          2,
          1,
          null,
          2,
          1,
          2,
          null,
          null,
          2,
          1,
          2,
          null,
          null,
          2,
          1,
          4,
          null,
          null,
          null,
          2,
          1,
          2,
          null,
          null,
          2,
          1,
          2,
          null,
          null,
          null,
          2,
          1,
          7,
          null,
          null,
          2,
          1,
          2,
          null,
          null,
          2,
          1,
          2,
          null,
          null,
          2,
          1,
          8,
          null,
          null,
          1,
          1,
          null,
          null,
          null,
          null,
          null,
          null,
          null,
          null,
          1,
          4,
          2,
          null,
          2,
          null,
          null,
          null,
          2,
          1,
          2,
          null,
          null,
          2,
          1,
          2,
          null,
          null,
          2,
          1,
          2,
          null,
          null,
          1,
          1,
          null,
          null,
          null,
          null,
          null,
          null,
          null,
          null,
          1,
          4,
          null,
          null,
          2,
          1,
          1,
          null,
          null,
          null,
          1,
          1,
          1,
          1,
          null,
          1,
          null,
          1,
          1,
          null,
          2,
          1,
          100,
          null,
          null,
          2,
          1,
          36,
          null,
          0,
          null,
          36,
          null,
          null,
          0,
          null,
          null,
          null,
          2,
          1,
          9,
          null,
          null,
          2,
          1,
          2,
          null,
          null,
          2,
          1,
          1,
          null,
          null,
          2,
          1,
          1,
          null,
          null,
          2,
          1,
          1,
          null,
          null,
          2,
          1,
          1,
          null,
          null,
          2,
          1,
          null,
          2,
          1,
          null,
          2,
          1,
          2,
          null,
          null,
          2,
          1,
          2,
          null,
          null,
          2,
          1,
          4,
          null,
          null,
          null,
          2,
          1,
          2,
          null,
          null,
          2,
          1,
          2,
          null,
          null,
          null,
          2,
          1,
          4,
          null,
          null,
          2,
          1,
          1,
          null,
          null,
          2,
          1,
          2,
          null,
          null,
          2,
          1,
          3,
          null,
          null,
          1,
          1,
          null,
          null,
          null,
          null,
          null,
          null,
          null,
          null,
          1,
          4,
          null,
          null,
          2,
          1,
          2,
          null,
          null,
          2,
          1,
          2,
          null,
          null,
          2,
          1,
          2,
          null,
          null,
          1,
          1,
          null,
          null,
          null,
          null,
          null,
          null,
          null,
          null,
          1,
          4,
          2,
          null,
          2,
          null,
          null,
          null,
          2,
          1,
          1,
          null,
          null,
          null,
          null
        ],
        "branches": {
          "[:if, 0, 116, 8, 122, 11]": {
            "[:then, 1, 118, 10, 118, 194]": 2,
            "[:else, 2, 121, 10, 121, 194]": 2
          },
          "[:case, 3, 163, 8, 171, 11]": {
            "[:when, 4, 165, 10, 165, 56]": 39,
            "[:when, 5, 167, 10, 167, 15]": 0,
            "[:else, 6, 170, 10, 170, 15]": 0
          },
          "[:if, 7, 268, 8, 272, 11]": {
            "[:then, 8, 269, 10, 269, 57]": 2,
            "[:else, 9, 271, 10, 271, 14]": 2
          },
          "[:case, 10, 327, 8, 335, 11]": {
            "[:when, 11, 329, 10, 329, 15]": 0,
            "[:when, 12, 331, 10, 331, 56]": 36,
            "[:else, 13, 334, 10, 334, 15]": 0
          },
          "[:if, 14, 461, 8, 465, 11]": {
            "[:then, 15, 462, 10, 462, 55]": 2,
            "[:else, 16, 464, 10, 464, 14]": 2
          }
        }
      },
      "/home/runner/work/mangrove/mangrove/lib/mangrove/result/control_signal.rb": {
        "lines": [
          null,
          null,
          null,
          1,
          null,
          1,
          1,
          1,
          1,
          null,
          1,
          null,
          2,
          1,
          6,
          6,
          null,
          null,
          2,
          1,
          2,
          null,
          2,
          null,
          0,
          null,
          null,
          null,
          2,
          1,
          null,
          null,
          null
        ],
        "branches": {
          "[:case, 0, 21, 8, 26, 11]": {
            "[:when, 1, 23, 10, 23, 42]": 2,
            "[:else, 2, 25, 10, 25, 15]": 0
          }
        }
      }
    },
    "timestamp": 1700070217
  }
}
